[12-Jan-2021 14:50:19 Africa/Nairobi] Slim Application Error:
Type: ParseError
Message: syntax error, unexpected '&lt;'
File: C:\xampp\htdocs\churchcrm-4.2\ChurchCRM\view\MenuRenderer.php
Line: 53
Trace: #0 C:\xampp\htdocs\churchcrm-4.2\vendor\composer\ClassLoader.php(322): Composer\Autoload\includeFile('C:\\xampp\\htdocs...')
#1 [internal function]: Composer\Autoload\ClassLoader->loadClass('ChurchCRM\\view\\...')
#2 C:\xampp\htdocs\churchcrm-4.2\Include\Header.php(207): spl_autoload_call('ChurchCRM\\view\\...')
#3 C:\xampp\htdocs\churchcrm-4.2\v2\templates\root\dashboard.php(7): include('C:\\xampp\\htdocs...')
#4 C:\xampp\htdocs\churchcrm-4.2\vendor\slim\php-view\src\PhpRenderer.php(230): include('C:\\xampp\\htdocs...')
#5 C:\xampp\htdocs\churchcrm-4.2\vendor\slim\php-view\src\PhpRenderer.php(204): Slim\Views\PhpRenderer->protectedIncludeScope('templates/root/...', Array)
#6 C:\xampp\htdocs\churchcrm-4.2\vendor\slim\php-view\src\PhpRenderer.php(69): Slim\Views\PhpRenderer->fetch('dashboard.php', Array)
#7 C:\xampp\htdocs\churchcrm-4.2\v2\routes\root.php(60): Slim\Views\PhpRenderer->render(Object(Slim\Http\Response), 'dashboard.php', Array)
#8 [internal function]: viewDashboard(Object(Slim\Http\Request), Object(Slim\Http\Response), Array)
#9 C:\xampp\htdocs\churchcrm-4.2\vendor\slim\slim\Slim\Handlers\Strategies\RequestResponse.php(40): call_user_func('viewDashboard', Object(Slim\Http\Request), Object(Slim\Http\Response), Array)
#10 C:\xampp\htdocs\churchcrm-4.2\vendor\slim\slim\Slim\Route.php(281): Slim\Handlers\Strategies\RequestResponse->__invoke('viewDashboard', Object(Slim\Http\Request), Object(Slim\Http\Response), Array)
#11 C:\xampp\htdocs\churchcrm-4.2\vendor\slim\slim\Slim\MiddlewareAwareTrait.php(117): Slim\Route->__invoke(Object(Slim\Http\Request), Object(Slim\Http\Response))
#12 C:\xampp\htdocs\churchcrm-4.2\vendor\slim\slim\Slim\Route.php(268): Slim\Route->callMiddlewareStack(Object(Slim\Http\Request), Object(Slim\Http\Response))
#13 C:\xampp\htdocs\churchcrm-4.2\vendor\slim\slim\Slim\App.php(503): Slim\Route->run(Object(Slim\Http\Request), Object(Slim\Http\Response))
#14 C:\xampp\htdocs\churchcrm-4.2\ChurchCRM\Slim\Middleware\VersionMiddleware.php(13): Slim\App->__invoke(Object(Slim\Http\Request), Object(Slim\Http\Response))
#15 [internal function]: ChurchCRM\Slim\Middleware\VersionMiddleware->__invoke(Object(Slim\Http\Request), Object(Slim\Http\Response), Object(Slim\App))
#16 C:\xampp\htdocs\churchcrm-4.2\vendor\slim\slim\Slim\DeferredCallable.php(57): call_user_func_array(Object(ChurchCRM\Slim\Middleware\VersionMiddleware), Array)
#17 [internal function]: Slim\DeferredCallable->__invoke(Object(Slim\Http\Request), Object(Slim\Http\Response), Object(Slim\App))
#18 C:\xampp\htdocs\churchcrm-4.2\vendor\slim\slim\Slim\MiddlewareAwareTrait.php(70): call_user_func(Object(Slim\DeferredCallable), Object(Slim\Http\Request), Object(Slim\Http\Response), Object(Slim\App))
#19 C:\xampp\htdocs\churchcrm-4.2\ChurchCRM\Slim\Middleware\AuthMiddleware.php(38): Slim\App->Slim\{closure}(Object(Slim\Http\Request), Object(Slim\Http\Response))
#20 [internal function]: ChurchCRM\Slim\Middleware\AuthMiddleware->__invoke(Object(Slim\Http\Request), Object(Slim\Http\Response), Object(Closure))
#21 C:\xampp\htdocs\churchcrm-4.2\vendor\slim\slim\Slim\DeferredCallable.php(57): call_user_func_array(Object(ChurchCRM\Slim\Middleware\AuthMiddleware), Array)
#22 [internal function]: Slim\DeferredCallable->__invoke(Object(Slim\Http\Request), Object(Slim\Http\Response), Object(Closure))
#23 C:\xampp\htdocs\churchcrm-4.2\vendor\slim\slim\Slim\MiddlewareAwareTrait.php(70): call_user_func(Object(Slim\DeferredCallable), Object(Slim\Http\Request), Object(Slim\Http\Response), Object(Closure))
#24 C:\xampp\htdocs\churchcrm-4.2\vendor\slim\slim\Slim\MiddlewareAwareTrait.php(117): Slim\App->Slim\{closure}(Object(Slim\Http\Request), Object(Slim\Http\Response))
#25 C:\xampp\htdocs\churchcrm-4.2\vendor\slim\slim\Slim\App.php(392): Slim\App->callMiddlewareStack(Object(Slim\Http\Request), Object(Slim\Http\Response))
#26 C:\xampp\htdocs\churchcrm-4.2\vendor\slim\slim\Slim\App.php(297): Slim\App->process(Object(Slim\Http\Request), Object(Slim\Http\Response))
#27 C:\xampp\htdocs\churchcrm-4.2\v2\index.php(49): Slim\App->run()
#28 {main}
View in rendered output by enabling the "displayErrorDetails" setting.

