[2021-01-11 06:56:03] defaultLogger.INFO: Next upgrade step for 4.2.0 is : 4.2.3 [] {"url":"/churchcrm-4.2/v2/dashboard","remote_ip":"::1","correlation_id":"5ffbe8734e7ab"}
[2021-01-11 06:56:08] defaultLogger.INFO: Starting background job processing [] {"url":"/churchcrm-4.2/api/background/timerjobs","remote_ip":"::1","correlation_id":"5ffbe878c3671"}
[2021-01-11 06:56:08] defaultLogger.INFO: Not starting application integrity check.  Last application integrity check run: 20210107-120919 [] {"url":"/churchcrm-4.2/api/background/timerjobs","remote_ip":"::1","correlation_id":"5ffbe878c3671"}
[2021-01-11 06:56:12] defaultLogger.INFO: Finished background job processing [] {"url":"/churchcrm-4.2/api/background/timerjobs","remote_ip":"::1","correlation_id":"5ffbe878c3671"}
[2021-01-11 06:56:29] defaultLogger.INFO: Next upgrade step for 4.2.0 is : 4.2.3 [] {"url":"/churchcrm-4.2/PropertyTypeList.php","remote_ip":"::1","correlation_id":"5ffbe88d54fcc"}
[2021-01-11 06:56:30] defaultLogger.INFO: Starting background job processing [] {"url":"/churchcrm-4.2/api/background/timerjobs","remote_ip":"::1","correlation_id":"5ffbe88e6f750"}
[2021-01-11 06:56:30] defaultLogger.INFO: Not starting application integrity check.  Last application integrity check run: 20210107-120919 [] {"url":"/churchcrm-4.2/api/background/timerjobs","remote_ip":"::1","correlation_id":"5ffbe88e6f750"}
[2021-01-11 06:56:31] defaultLogger.INFO: Finished background job processing [] {"url":"/churchcrm-4.2/api/background/timerjobs","remote_ip":"::1","correlation_id":"5ffbe88e6f750"}
[2021-01-11 06:56:38] defaultLogger.INFO: Next upgrade step for 4.2.0 is : 4.2.3 [] {"url":"/churchcrm-4.2/UserList.php","remote_ip":"::1","correlation_id":"5ffbe8961dae4"}
[2021-01-11 06:56:38] defaultLogger.INFO: Starting background job processing [] {"url":"/churchcrm-4.2/api/background/timerjobs","remote_ip":"::1","correlation_id":"5ffbe896e5760"}
[2021-01-11 06:56:38] defaultLogger.INFO: Not starting application integrity check.  Last application integrity check run: 20210107-120919 [] {"url":"/churchcrm-4.2/api/background/timerjobs","remote_ip":"::1","correlation_id":"5ffbe896e5760"}
[2021-01-11 06:56:39] defaultLogger.INFO: Finished background job processing [] {"url":"/churchcrm-4.2/api/background/timerjobs","remote_ip":"::1","correlation_id":"5ffbe896e5760"}
[2021-01-11 06:56:45] defaultLogger.INFO: Next upgrade step for 4.2.0 is : 4.2.3 [] {"url":"/churchcrm-4.2/SystemSettings.php","remote_ip":"::1","correlation_id":"5ffbe89d225ba"}
[2021-01-11 06:56:47] defaultLogger.INFO: Starting background job processing [] {"url":"/churchcrm-4.2/api/background/timerjobs","remote_ip":"::1","correlation_id":"5ffbe89f934f2"}
[2021-01-11 06:56:47] defaultLogger.INFO: Not starting application integrity check.  Last application integrity check run: 20210107-120919 [] {"url":"/churchcrm-4.2/api/background/timerjobs","remote_ip":"::1","correlation_id":"5ffbe89f934f2"}
[2021-01-11 06:56:48] defaultLogger.INFO: Finished background job processing [] {"url":"/churchcrm-4.2/api/background/timerjobs","remote_ip":"::1","correlation_id":"5ffbe89f934f2"}
[2021-01-11 06:57:29] defaultLogger.INFO: Next upgrade step for 4.2.0 is : 4.2.3 [] {"url":"/churchcrm-4.2/SystemSettings.php?saved=true","remote_ip":"::1","correlation_id":"5ffbe8c9c4354"}
[2021-01-11 06:57:31] defaultLogger.INFO: Starting background job processing [] {"url":"/churchcrm-4.2/api/background/timerjobs","remote_ip":"::1","correlation_id":"5ffbe8cb1894d"}
[2021-01-11 06:57:31] defaultLogger.INFO: Not starting application integrity check.  Last application integrity check run: 20210107-120919 [] {"url":"/churchcrm-4.2/api/background/timerjobs","remote_ip":"::1","correlation_id":"5ffbe8cb1894d"}
[2021-01-11 06:57:32] defaultLogger.INFO: Finished background job processing [] {"url":"/churchcrm-4.2/api/background/timerjobs","remote_ip":"::1","correlation_id":"5ffbe8cb1894d"}
[2021-01-11 06:57:47] defaultLogger.INFO: Next upgrade step for 4.2.0 is : 4.2.3 [] {"url":"/churchcrm-4.2/SystemSettings.php","remote_ip":"::1","correlation_id":"5ffbe8db00ddf"}
[2021-01-11 06:57:48] defaultLogger.INFO: Starting background job processing [] {"url":"/churchcrm-4.2/api/background/timerjobs","remote_ip":"::1","correlation_id":"5ffbe8dc4cd9d"}
[2021-01-11 06:57:48] defaultLogger.INFO: Not starting application integrity check.  Last application integrity check run: 20210107-120919 [] {"url":"/churchcrm-4.2/api/background/timerjobs","remote_ip":"::1","correlation_id":"5ffbe8dc4cd9d"}
[2021-01-11 06:57:49] defaultLogger.INFO: Finished background job processing [] {"url":"/churchcrm-4.2/api/background/timerjobs","remote_ip":"::1","correlation_id":"5ffbe8dc4cd9d"}
[2021-01-11 07:29:47] defaultLogger.INFO: Starting background job processing [] {"url":"/churchcrm-4.2/api/background/timerjobs","remote_ip":"::1","correlation_id":"5ffbf05ba21bd"}
[2021-01-11 07:29:47] defaultLogger.INFO: Not starting application integrity check.  Last application integrity check run: 20210107-120919 [] {"url":"/churchcrm-4.2/api/background/timerjobs","remote_ip":"::1","correlation_id":"5ffbf05ba21bd"}
[2021-01-11 07:29:49] defaultLogger.INFO: Finished background job processing [] {"url":"/churchcrm-4.2/api/background/timerjobs","remote_ip":"::1","correlation_id":"5ffbf05ba21bd"}
[2021-01-11 07:29:52] defaultLogger.INFO: Starting background job processing [] {"url":"/churchcrm-4.2/api/background/timerjobs","remote_ip":"::1","correlation_id":"5ffbf0607a522"}
[2021-01-11 07:29:52] defaultLogger.INFO: Not starting application integrity check.  Last application integrity check run: 20210107-120919 [] {"url":"/churchcrm-4.2/api/background/timerjobs","remote_ip":"::1","correlation_id":"5ffbf0607a522"}
[2021-01-11 07:29:53] defaultLogger.INFO: Finished background job processing [] {"url":"/churchcrm-4.2/api/background/timerjobs","remote_ip":"::1","correlation_id":"5ffbf0607a522"}
[2021-01-11 07:29:58] defaultLogger.INFO: Next upgrade step for 4.2.0 is : 4.2.3 [] {"url":"/churchcrm-4.2/v2/dashboard","remote_ip":"::1","correlation_id":"5ffbf06688528"}
[2021-01-11 07:29:59] defaultLogger.INFO: Starting background job processing [] {"url":"/churchcrm-4.2/api/background/timerjobs","remote_ip":"::1","correlation_id":"5ffbf067a6662"}
[2021-01-11 07:29:59] defaultLogger.INFO: Not starting application integrity check.  Last application integrity check run: 20210107-120919 [] {"url":"/churchcrm-4.2/api/background/timerjobs","remote_ip":"::1","correlation_id":"5ffbf067a6662"}
[2021-01-11 07:30:00] defaultLogger.INFO: Finished background job processing [] {"url":"/churchcrm-4.2/api/background/timerjobs","remote_ip":"::1","correlation_id":"5ffbf067a6662"}
[2021-01-11 12:30:17] defaultLogger.INFO: Next upgrade step for 4.2.0 is : 4.2.3 [] {"url":"/churchcrm-4.2/v2/dashboard","remote_ip":"::1","correlation_id":"5ffc36c999bc7"}
[2021-01-11 12:30:19] defaultLogger.INFO: Starting background job processing [] {"url":"/churchcrm-4.2/api/background/timerjobs","remote_ip":"::1","correlation_id":"5ffc36cb439ef"}
[2021-01-11 12:30:19] defaultLogger.INFO: Not starting application integrity check.  Last application integrity check run: 20210107-120919 [] {"url":"/churchcrm-4.2/api/background/timerjobs","remote_ip":"::1","correlation_id":"5ffc36cb439ef"}
[2021-01-11 12:30:20] defaultLogger.INFO: Finished background job processing [] {"url":"/churchcrm-4.2/api/background/timerjobs","remote_ip":"::1","correlation_id":"5ffc36cb439ef"}
[2021-01-11 12:34:09] defaultLogger.INFO: Next upgrade step for 4.2.0 is : 4.2.3 [] {"url":"/churchcrm-4.2/v2/calendar","remote_ip":"::1","correlation_id":"5ffc37b129ee7"}
[2021-01-11 12:34:10] defaultLogger.INFO: Starting background job processing [] {"url":"/churchcrm-4.2/api/background/timerjobs","remote_ip":"::1","correlation_id":"5ffc37b2e7895"}
[2021-01-11 12:34:10] defaultLogger.INFO: Not starting application integrity check.  Last application integrity check run: 20210107-120919 [] {"url":"/churchcrm-4.2/api/background/timerjobs","remote_ip":"::1","correlation_id":"5ffc37b2e7895"}
[2021-01-11 12:34:10] defaultLogger.INFO: Finished background job processing [] {"url":"/churchcrm-4.2/api/background/timerjobs","remote_ip":"::1","correlation_id":"5ffc37b2e7895"}
[2021-01-11 12:40:51] defaultLogger.INFO: Next upgrade step for 4.2.0 is : 4.2.3 [] {"url":"/churchcrm-4.2/v2/dashboard","remote_ip":"::1","correlation_id":"5ffc39434aa57"}
[2021-01-11 12:40:52] defaultLogger.INFO: Starting background job processing [] {"url":"/churchcrm-4.2/api/background/timerjobs","remote_ip":"::1","correlation_id":"5ffc3944b851b"}
[2021-01-11 12:40:52] defaultLogger.INFO: Not starting application integrity check.  Last application integrity check run: 20210107-120919 [] {"url":"/churchcrm-4.2/api/background/timerjobs","remote_ip":"::1","correlation_id":"5ffc3944b851b"}
[2021-01-11 12:40:52] defaultLogger.INFO: Finished background job processing [] {"url":"/churchcrm-4.2/api/background/timerjobs","remote_ip":"::1","correlation_id":"5ffc3944b851b"}
